<?xml version="1.0" encoding="UTF-8"?>
<!-- Generated by org.testng.reporters.JUnitReportReporter -->
<testsuite skipped="0" hostname="Alexs-iMac.local" name="TestNg.NewTest" tests="1" failures="0" timestamp="03 Nov 2017 14:58:33 GMT" time="0.547" errors="0">
  <testcase name="verifyHomepageTitle" time="0.547" classname="TestNg.NewTest"/>
</testsuite> <!-- TestNg.NewTest -->
