<?xml version="1.0" encoding="UTF-8"?>
<!-- Generated by org.testng.reporters.JUnitReportReporter -->
<testsuite skipped="0" hostname="Alexs-iMac.local" name="MavenSelenium.FirstMavenTest" tests="1" failures="0" timestamp="03 Nov 2017 22:14:45 GMT" time="2.168" errors="0">
  <testcase name="verifyHomepageTitle" time="2.168" classname="MavenSelenium.FirstMavenTest"/>
</testsuite> <!-- MavenSelenium.FirstMavenTest -->
